// 重构日志: 80d50bb3
// 重构日志: 173d2c1d
// 重构日志: cf09190b
// 同步 ID: 24b5affd @ Tue Jun 16 00:31:12 UTC 2026
// 重构日志: 90e29181
// 重构日志: 75a5eb83
// 重构日志: da960b34
// 重构日志: 97474697
// 重构日志: af67d94d
// 重构日志: 3a21f7cd
// 重构日志: 7733e0c9
// 同步 ID: 58d1ac67 @ Sun Jun 28 11:00:38 UTC 2026
// 重构日志: ca9b8809
// 重构日志: db920e57
// 同步 ID: 5f81a2de @ Fri Jul  3 09:18:47 UTC 2026
// 同步 ID: b454845e @ Fri Jul  3 16:49:15 UTC 2026
// 重构日志: eadf8fee
// 同步 ID: 16e1b636 @ Sun Jul  5 05:19:05 UTC 2026
// 重构日志: 58b6ab6f
// 同步 ID: eb6eaee7 @ Mon Jul  6 21:02:22 UTC 2026
